2014-06-08 15:43:35 -  - exec CUpdateClientPartner::GetUpdatesList
2014-06-08 15:43:35 -  - exec CUpdateClientPartner::__CollectRequestData
2014-06-08 15:43:35 -  - utf=N&lang=ru&stable=Y&CANGZIP=Y&SUPD_DBS=MYSQL&XE=N&CLIENT_SITE=shool.wwall.tmweb.ru&LICENSE_KEY=X&SUPD_STS=1&SUPD_URS=0&SUPD_URSA=1&TYPENC=D&CLIENT_PHPVER=5.3.18&dbv=5.1.58&instm=main%2C14.5.0%2CY%3Bperfmon%2C14.0.1%2CN%3Bblog%2C14.5.0%2CN%3Bsecurity%2C14.5.0%2CN%3Bfileman%2C14.5.0%2CN%3Bsocialservices%2C14.0.4%2CN%3Bbitrix.sitecorporate%2C14.5.0%2CN%3Bscale%2C14.5.0%2CN%3Bhighloadblock%2C14.0.6%2CN%3Bseo%2C14.5.0%2CN%3Bbitrix.siteinfoportal%2C14.5.0%2CN%3Bbitrixcloud%2C14.0.4%2CN%3Bpagemaster.less%2C1.0.0%2CN%3Bphotogallery%2C14.5.1%2CN%3Bform%2C14.0.1%2CN%3Bcompression%2C14.0.0%2CN%3Bsubscribe%2C14.5.0%2CN%3Bvote%2C14.0.2%2CN%3Bsearch%2C14.5.0%2CN%3Bbitrix.sitepersonal%2C14.5.0%2CN%3Biblock%2C14.5.0%2CN%3Bmobileapp%2C14.0.3%2CN%3Bclouds%2C14.5.0%2CN%3Bforum%2C14.5.1%2CN&reqm=bitrix.sitecorporate%2Cbitrix.siteinfoportal%2Cpagemaster.less%2Cbitrix.sitepersonal&fullmoduleinfo=Y
2014-06-08 15:43:35 -  - exec CUpdateClientPartner::GetHTTPPage
2014-06-08 15:43:36 -  - TIME GetUpdatesList(request) 0.207 sec
2014-06-08 15:43:36 -  - exec CUpdateClientPartner::ParseServerData
2014-06-08 15:43:42 -  - exec CUpdateClientPartner::GetUpdatesList
2014-06-08 15:43:42 -  - exec CUpdateClientPartner::__CollectRequestData
2014-06-08 15:43:42 -  - utf=N&lang=ru&stable=Y&CANGZIP=Y&SUPD_DBS=MYSQL&XE=N&CLIENT_SITE=shool.wwall.tmweb.ru&LICENSE_KEY=X&SUPD_STS=1&SUPD_URS=0&SUPD_URSA=1&TYPENC=D&CLIENT_PHPVER=5.3.18&dbv=5.1.58&instm=main%2C14.5.0%2CY%3Bperfmon%2C14.0.1%2CN%3Bblog%2C14.5.0%2CN%3Bsecurity%2C14.5.0%2CN%3Bfileman%2C14.5.0%2CN%3Bsocialservices%2C14.0.4%2CN%3Bbitrix.sitecorporate%2C14.5.0%2CN%3Bscale%2C14.5.0%2CN%3Bhighloadblock%2C14.0.6%2CN%3Bseo%2C14.5.0%2CN%3Bbitrix.siteinfoportal%2C14.5.0%2CN%3Bbitrixcloud%2C14.0.4%2CN%3Bpagemaster.less%2C1.0.0%2CN%3Bphotogallery%2C14.5.1%2CN%3Bform%2C14.0.1%2CN%3Bcompression%2C14.0.0%2CN%3Bsubscribe%2C14.5.0%2CN%3Bvote%2C14.0.2%2CN%3Bsearch%2C14.5.0%2CN%3Bbitrix.sitepersonal%2C14.5.0%2CN%3Biblock%2C14.5.0%2CN%3Bmobileapp%2C14.0.3%2CN%3Bclouds%2C14.5.0%2CN%3Bforum%2C14.5.1%2CN&reqm=bitrix.sitecorporate%2Cbitrix.siteinfoportal%2Cpagemaster.less%2Cbitrix.sitepersonal&fullmoduleinfo=Y
2014-06-08 15:43:42 -  - exec CUpdateClientPartner::GetHTTPPage
2014-06-08 15:43:42 -  - TIME GetUpdatesList(request) 0.196 sec
2014-06-08 15:43:42 -  - exec CUpdateClientPartner::ParseServerData
2014-06-08 15:43:45 -  - exec CUpdateClientPartner::GetUpdatesList
2014-06-08 15:43:45 -  - exec CUpdateClientPartner::__CollectRequestData
2014-06-08 15:43:45 -  - utf=N&lang=ru&stable=Y&CANGZIP=Y&SUPD_DBS=MYSQL&XE=N&CLIENT_SITE=shool.wwall.tmweb.ru&LICENSE_KEY=X&SUPD_STS=1&SUPD_URS=0&SUPD_URSA=1&TYPENC=D&CLIENT_PHPVER=5.3.18&dbv=5.1.58&instm=main%2C14.5.0%2CY%3Bperfmon%2C14.0.1%2CN%3Bblog%2C14.5.0%2CN%3Bsecurity%2C14.5.0%2CN%3Bfileman%2C14.5.0%2CN%3Bsocialservices%2C14.0.4%2CN%3Bbitrix.sitecorporate%2C14.5.0%2CN%3Bscale%2C14.5.0%2CN%3Bhighloadblock%2C14.0.6%2CN%3Bseo%2C14.5.0%2CN%3Bbitrix.siteinfoportal%2C14.5.0%2CN%3Bbitrixcloud%2C14.0.4%2CN%3Bpagemaster.less%2C1.0.0%2CN%3Bphotogallery%2C14.5.1%2CN%3Bform%2C14.0.1%2CN%3Bcompression%2C14.0.0%2CN%3Bsubscribe%2C14.5.0%2CN%3Bvote%2C14.0.2%2CN%3Bsearch%2C14.5.0%2CN%3Bbitrix.sitepersonal%2C14.5.0%2CN%3Biblock%2C14.5.0%2CN%3Bmobileapp%2C14.0.3%2CN%3Bclouds%2C14.5.0%2CN%3Bforum%2C14.5.1%2CN&reqm=bitrix.sitecorporate%2Cbitrix.siteinfoportal%2Cpagemaster.less%2Cbitrix.sitepersonal&fullmoduleinfo=Y
2014-06-08 15:43:45 -  - exec CUpdateClientPartner::GetHTTPPage
2014-06-08 15:43:46 -  - TIME GetUpdatesList(request) 0.301 sec
2014-06-08 15:43:46 -  - exec CUpdateClientPartner::ParseServerData
2014-06-15 00:03:46 -  - exec CUpdateClientPartner::GetUpdatesList
2014-06-15 00:03:46 -  - exec CUpdateClientPartner::__CollectRequestData
2014-06-15 00:03:46 -  - utf=N&lang=ru&stable=Y&CANGZIP=Y&SUPD_DBS=MYSQL&XE=N&CLIENT_SITE=shool.wwall.tmweb.ru&LICENSE_KEY=X&SUPD_STS=1&SUPD_URS=0&SUPD_URSA=1&TYPENC=D&CLIENT_PHPVER=5.3.18&dbv=5.1.58&instm=main%2C14.5.0%2CY%3Byenisite.market%2C1.3.41%2CN%3Bperfmon%2C14.0.1%2CN%3Bblog%2C14.5.0%2CN%3Bsecurity%2C14.5.0%2CN%3Bfileman%2C14.5.0%2CN%3Bsocialservices%2C14.0.4%2CN%3Bbitrix.sitecorporate%2C14.5.0%2CN%3Bscale%2C14.5.0%2CN%3Bhighloadblock%2C14.0.6%2CN%3Bseo%2C14.5.0%2CN%3Bbitrix.siteinfoportal%2C14.5.0%2CN%3Bbitrixcloud%2C14.0.4%2CN%3Bpagemaster.less%2C1.0.0%2CN%3Bphotogallery%2C14.5.1%2CN%3Bform%2C14.0.1%2CN%3Bcompression%2C14.0.0%2CN%3Bsubscribe%2C14.5.0%2CN%3Bvote%2C14.0.2%2CN%3Bsearch%2C14.5.0%2CN%3Bbitrix.sitepersonal%2C14.5.0%2CN%3Biblock%2C14.5.0%2CN%3Bmobileapp%2C14.0.3%2CN%3Bclouds%2C14.5.0%2CN%3Bforum%2C14.5.1%2CN&reqm=yenisite.market%2Cbitrix.sitecorporate%2Cbitrix.siteinfoportal%2Cpagemaster.less%2Cbitrix.sitepersonal&fullmoduleinfo=Y
2014-06-15 00:03:46 -  - exec CUpdateClientPartner::GetHTTPPage
2014-06-15 00:03:47 -  - TIME GetUpdatesList(request) 0.388 sec
2014-06-15 00:03:47 -  - exec CUpdateClientPartner::ParseServerData
2014-06-15 00:04:27 - Ux11 - Ошибка описания модуля "ww.market"
2014-06-15 00:04:27 -  - exec CUpdateClientPartner::GetUpdatesList
2014-06-15 00:04:27 -  - exec CUpdateClientPartner::__CollectRequestData
2014-06-15 00:04:27 - Ux11 - Ошибка описания модуля "ww.market"
2014-06-15 00:04:27 - NCRD01 - [Ux11] Ошибка описания модуля "ww.market". 
2014-06-15 00:04:27 - GUL01 - Empty query list
2014-06-15 00:04:27 - Ux11 - Ошибка описания модуля "ww.market"
2014-06-15 00:10:13 - Ux11 - Ошибка описания модуля "ww.market"
2014-06-15 00:10:13 -  - exec CUpdateClientPartner::GetUpdatesList
2014-06-15 00:10:13 -  - exec CUpdateClientPartner::__CollectRequestData
2014-06-15 00:10:13 - Ux11 - Ошибка описания модуля "ww.market"
2014-06-15 00:10:13 - NCRD01 - [Ux11] Ошибка описания модуля "ww.market". 
2014-06-15 00:10:13 - GUL01 - Empty query list
2014-06-15 00:10:13 - Ux11 - Ошибка описания модуля "ww.market"
2014-06-15 00:12:21 -  - exec CUpdateClientPartner::GetUpdatesList
2014-06-15 00:12:21 -  - exec CUpdateClientPartner::__CollectRequestData
2014-06-15 00:12:21 -  - utf=N&lang=ru&stable=Y&CANGZIP=Y&SUPD_DBS=MYSQL&XE=N&CLIENT_SITE=shool.wwall.tmweb.ru&LICENSE_KEY=X&SUPD_STS=1&SUPD_URS=0&SUPD_URSA=1&TYPENC=D&CLIENT_PHPVER=5.3.18&dbv=5.1.58&instm=main%2C14.5.0%2CY%3Byenisite.market%2C1.3.41%2CN%3Bperfmon%2C14.0.1%2CN%3Bblog%2C14.5.0%2CN%3Bsecurity%2C14.5.0%2CN%3Bfileman%2C14.5.0%2CN%3Bsocialservices%2C14.0.4%2CN%3Bbitrix.sitecorporate%2C14.5.0%2CN%3Bscale%2C14.5.0%2CN%3Bhighloadblock%2C14.0.6%2CN%3Bseo%2C14.5.0%2CN%3Bbitrix.siteinfoportal%2C14.5.0%2CN%3Bbitrixcloud%2C14.0.4%2CN%3Bpagemaster.less%2C1.0.0%2CN%3Bphotogallery%2C14.5.1%2CN%3Bform%2C14.0.1%2CN%3Bcompression%2C14.0.0%2CN%3Bsubscribe%2C14.5.0%2CN%3Bvote%2C14.0.2%2CN%3Bsearch%2C14.5.0%2CN%3Bbitrix.sitepersonal%2C14.5.0%2CN%3Biblock%2C14.5.0%2CN%3Bmobileapp%2C14.0.3%2CN%3Bclouds%2C14.5.0%2CN%3Bforum%2C14.5.1%2CN&reqm=yenisite.market%2Cbitrix.sitecorporate%2Cbitrix.siteinfoportal%2Cpagemaster.less%2Cbitrix.sitepersonal&fullmoduleinfo=Y
2014-06-15 00:12:21 -  - exec CUpdateClientPartner::GetHTTPPage
2014-06-15 00:12:21 -  - TIME GetUpdatesList(request) 0.191 sec
2014-06-15 00:12:21 -  - exec CUpdateClientPartner::ParseServerData
2014-06-15 00:14:42 -  - exec CUpdateClientPartner::GetUpdatesList
2014-06-15 00:14:42 -  - exec CUpdateClientPartner::__CollectRequestData
2014-06-15 00:14:42 -  - utf=N&lang=ru&stable=Y&CANGZIP=Y&SUPD_DBS=MYSQL&XE=N&CLIENT_SITE=shool.wwall.tmweb.ru&LICENSE_KEY=X&SUPD_STS=1&SUPD_URS=0&SUPD_URSA=1&TYPENC=D&CLIENT_PHPVER=5.3.18&dbv=5.1.58&instm=main%2C14.5.0%2CY%3Byenisite.market%2C1.3.41%2CN%3Bperfmon%2C14.0.1%2CN%3Bblog%2C14.5.0%2CN%3Bsecurity%2C14.5.0%2CN%3Bfileman%2C14.5.0%2CN%3Bsocialservices%2C14.0.4%2CN%3Bbitrix.sitecorporate%2C14.5.0%2CN%3Bscale%2C14.5.0%2CN%3Bhighloadblock%2C14.0.6%2CN%3Bseo%2C14.5.0%2CN%3Bbitrix.siteinfoportal%2C14.5.0%2CN%3Bbitrixcloud%2C14.0.4%2CN%3Bpagemaster.less%2C1.0.0%2CN%3Bphotogallery%2C14.5.1%2CN%3Bform%2C14.0.1%2CN%3Bcompression%2C14.0.0%2CN%3Bsubscribe%2C14.5.0%2CN%3Bvote%2C14.0.2%2CN%3Bsearch%2C14.5.0%2CN%3Bbitrix.sitepersonal%2C14.5.0%2CN%3Biblock%2C14.5.0%2CN%3Bmobileapp%2C14.0.3%2CN%3Bclouds%2C14.5.0%2CN%3Bforum%2C14.5.1%2CN&reqm=yenisite.market%2Cbitrix.sitecorporate%2Cbitrix.siteinfoportal%2Cpagemaster.less%2Cbitrix.sitepersonal&fullmoduleinfo=Y
2014-06-15 00:14:42 -  - exec CUpdateClientPartner::GetHTTPPage
2014-06-15 00:14:43 -  - TIME GetUpdatesList(request) 0.325 sec
2014-06-15 00:14:43 -  - exec CUpdateClientPartner::ParseServerData
2014-06-15 00:15:05 -  - exec CUpdateClientPartner::GetUpdatesList
2014-06-15 00:15:05 -  - exec CUpdateClientPartner::__CollectRequestData
2014-06-15 00:15:05 -  - utf=N&lang=ru&stable=Y&CANGZIP=Y&SUPD_DBS=MYSQL&XE=N&CLIENT_SITE=shool.wwall.tmweb.ru&LICENSE_KEY=X&SUPD_STS=1&SUPD_URS=0&SUPD_URSA=1&TYPENC=D&CLIENT_PHPVER=5.3.18&dbv=5.1.58&instm=main%2C14.5.0%2CY%3Byenisite.market%2C1.3.41%2CN%3Bperfmon%2C14.0.1%2CN%3Bblog%2C14.5.0%2CN%3Bsecurity%2C14.5.0%2CN%3Bfileman%2C14.5.0%2CN%3Bsocialservices%2C14.0.4%2CN%3Bbitrix.sitecorporate%2C14.5.0%2CN%3Bscale%2C14.5.0%2CN%3Bhighloadblock%2C14.0.6%2CN%3Bseo%2C14.5.0%2CN%3Bbitrix.siteinfoportal%2C14.5.0%2CN%3Bbitrixcloud%2C14.0.4%2CN%3Bpagemaster.less%2C1.0.0%2CN%3Bphotogallery%2C14.5.1%2CN%3Bform%2C14.0.1%2CN%3Bcompression%2C14.0.0%2CN%3Bsubscribe%2C14.5.0%2CN%3Bvote%2C14.0.2%2CN%3Bsearch%2C14.5.0%2CN%3Bbitrix.sitepersonal%2C14.5.0%2CN%3Biblock%2C14.5.0%2CN%3Bmobileapp%2C14.0.3%2CN%3Bclouds%2C14.5.0%2CN%3Bforum%2C14.5.1%2CN&reqm=yenisite.market%2Cbitrix.sitecorporate%2Cbitrix.siteinfoportal%2Cpagemaster.less%2Cbitrix.sitepersonal&fullmoduleinfo=Y
2014-06-15 00:15:05 -  - exec CUpdateClientPartner::GetHTTPPage
2014-06-15 00:15:05 -  - TIME GetUpdatesList(request) 0.214 sec
2014-06-15 00:15:05 -  - exec CUpdateClientPartner::ParseServerData
2014-06-20 15:16:47 -  - exec CUpdateClientPartner::GetUpdatesList
2014-06-20 15:16:47 -  - exec CUpdateClientPartner::__CollectRequestData
2014-06-20 15:16:47 -  - utf=N&lang=ru&stable=Y&CANGZIP=Y&SUPD_DBS=MYSQL&XE=N&CLIENT_SITE=shool.wwall.tmweb.ru&LICENSE_KEY=X&SUPD_STS=1&SUPD_URS=0&SUPD_URSA=1&TYPENC=D&CLIENT_PHPVER=5.3.18&dbv=5.1.58&instm=main%2C14.5.0%2CY%3Byenisite.market%2C1.3.41%2CN%3Bperfmon%2C14.0.1%2CN%3Bblog%2C14.5.0%2CN%3Bsecurity%2C14.5.0%2CN%3Bfileman%2C14.5.0%2CN%3Bsocialservices%2C14.0.4%2CN%3Bbitrix.sitecorporate%2C14.5.0%2CN%3Bscale%2C14.5.0%2CN%3Bhighloadblock%2C14.0.6%2CN%3Bseo%2C14.5.0%2CN%3Bbitrix.siteinfoportal%2C14.5.0%2CN%3Bbitrixcloud%2C14.0.4%2CN%3Bpagemaster.less%2C1.0.0%2CN%3Bphotogallery%2C14.5.1%2CN%3Bform%2C14.0.1%2CN%3Bcompression%2C14.0.0%2CN%3Bsubscribe%2C14.5.0%2CN%3Bvote%2C14.0.2%2CN%3Bsearch%2C14.5.0%2CN%3Bbitrix.sitepersonal%2C14.5.0%2CN%3Biblock%2C14.5.0%2CN%3Bmobileapp%2C14.0.3%2CN%3Bclouds%2C14.5.0%2CN%3Bforum%2C14.5.1%2CN&reqm=yenisite.market%2Cbitrix.sitecorporate%2Cbitrix.siteinfoportal%2Cpagemaster.less%2Cbitrix.sitepersonal
2014-06-20 15:16:47 -  - exec CUpdateClientPartner::GetHTTPPage
2014-06-20 15:16:47 -  - TIME GetUpdatesList(request) 0.213 sec
2014-06-20 15:16:47 -  - exec CUpdateClientPartner::ParseServerData
2014-06-20 15:20:53 -  - exec CUpdateClientPartner::GetUpdatesList
2014-06-20 15:20:53 -  - exec CUpdateClientPartner::__CollectRequestData
2014-06-20 15:20:53 -  - utf=N&lang=ru&stable=Y&CANGZIP=Y&SUPD_DBS=MYSQL&XE=N&CLIENT_SITE=shool.wwall.tmweb.ru&LICENSE_KEY=X&SUPD_STS=1&SUPD_URS=0&SUPD_URSA=1&TYPENC=E&CLIENT_PHPVER=5.3.18&dbv=5.1.58&instm=main%2C14.5.0%2CN%3Byenisite.market%2C1.3.41%2CN%3Bperfmon%2C14.0.1%2CN%3Bblog%2C14.5.0%2CN%3Bsecurity%2C14.5.0%2CN%3Bfileman%2C14.5.0%2CN%3Bsocialservices%2C14.0.4%2CN%3Bbitrix.sitecorporate%2C14.5.0%2CN%3Bscale%2C14.5.0%2CN%3Bhighloadblock%2C14.0.6%2CN%3Bseo%2C14.5.0%2CN%3Bbitrix.siteinfoportal%2C14.5.0%2CN%3Bbitrixcloud%2C14.0.4%2CN%3Bpagemaster.less%2C1.0.0%2CN%3Bphotogallery%2C14.5.1%2CN%3Bform%2C14.0.1%2CN%3Bcompression%2C14.0.0%2CN%3Bsubscribe%2C14.5.0%2CN%3Bvote%2C14.0.2%2CN%3Bsearch%2C14.5.0%2CN%3Bbitrix.sitepersonal%2C14.5.0%2CN%3Biblock%2C14.5.0%2CN%3Bmobileapp%2C14.0.3%2CN%3Bclouds%2C14.5.0%2CN%3Bforum%2C14.5.1%2CN&reqm=yenisite.market%2Cbitrix.sitecorporate%2Cbitrix.siteinfoportal%2Cpagemaster.less%2Cbitrix.sitepersonal
2014-06-20 15:20:53 -  - exec CUpdateClientPartner::GetHTTPPage
2014-06-20 15:20:53 -  - TIME GetUpdatesList(request) 0.227 sec
2014-06-20 15:20:53 -  - exec CUpdateClientPartner::ParseServerData
2014-06-20 15:21:53 -  - exec CUpdateClientPartner::GetUpdatesList
2014-06-20 15:21:53 -  - exec CUpdateClientPartner::__CollectRequestData
2014-06-20 15:21:53 -  - utf=N&lang=ru&stable=Y&CANGZIP=Y&SUPD_DBS=MYSQL&XE=N&CLIENT_SITE=shool.wwall.tmweb.ru&LICENSE_KEY=X&SUPD_STS=1&SUPD_URS=0&SUPD_URSA=1&TYPENC=D&CLIENT_PHPVER=5.3.18&dbv=5.1.58&instm=main%2C14.5.0%2CY%3Byenisite.market%2C1.3.41%2CN%3Bperfmon%2C14.0.1%2CN%3Bblog%2C14.5.0%2CN%3Bsecurity%2C14.5.0%2CN%3Bfileman%2C14.5.0%2CN%3Bsocialservices%2C14.0.4%2CN%3Bbitrix.sitecorporate%2C14.5.0%2CN%3Bscale%2C14.5.0%2CN%3Bhighloadblock%2C14.0.6%2CN%3Bseo%2C14.5.0%2CN%3Bbitrix.siteinfoportal%2C14.5.0%2CN%3Bbitrixcloud%2C14.0.4%2CN%3Bpagemaster.less%2C1.0.0%2CN%3Bphotogallery%2C14.5.1%2CN%3Bform%2C14.0.1%2CN%3Bcompression%2C14.0.0%2CN%3Bsubscribe%2C14.5.0%2CN%3Bvote%2C14.0.2%2CN%3Bsearch%2C14.5.0%2CN%3Bbitrix.sitepersonal%2C14.5.0%2CN%3Biblock%2C14.5.0%2CN%3Bmobileapp%2C14.0.3%2CN%3Bclouds%2C14.5.0%2CN%3Bforum%2C14.5.1%2CN&reqm=yenisite.market%2Cbitrix.sitecorporate%2Cbitrix.siteinfoportal%2Cpagemaster.less%2Cbitrix.sitepersonal
2014-06-20 15:21:53 -  - exec CUpdateClientPartner::GetHTTPPage
2014-06-20 15:21:53 -  - TIME GetUpdatesList(request) 0.194 sec
2014-06-20 15:21:53 -  - exec CUpdateClientPartner::ParseServerData
2014-06-20 15:22:11 -  - exec CUpdateClientPartner::GetUpdatesList
2014-06-20 15:22:11 -  - exec CUpdateClientPartner::__CollectRequestData
2014-06-20 15:22:11 -  - utf=N&lang=ru&stable=Y&CANGZIP=Y&SUPD_DBS=MYSQL&XE=N&CLIENT_SITE=shool.wwall.tmweb.ru&LICENSE_KEY=X&SUPD_STS=1&SUPD_URS=0&SUPD_URSA=1&TYPENC=D&CLIENT_PHPVER=5.3.18&dbv=5.1.58&instm=main%2C14.5.0%2CY%3Byenisite.market%2C1.3.41%2CN%3Bperfmon%2C14.0.1%2CN%3Bblog%2C14.5.0%2CN%3Bsecurity%2C14.5.0%2CN%3Bfileman%2C14.5.0%2CN%3Bsocialservices%2C14.0.4%2CN%3Bbitrix.sitecorporate%2C14.5.0%2CN%3Bscale%2C14.5.0%2CN%3Bhighloadblock%2C14.0.6%2CN%3Bseo%2C14.5.0%2CN%3Bbitrix.siteinfoportal%2C14.5.0%2CN%3Bbitrixcloud%2C14.0.4%2CN%3Bpagemaster.less%2C1.0.0%2CN%3Bphotogallery%2C14.5.1%2CN%3Bform%2C14.0.1%2CN%3Bcompression%2C14.0.0%2CN%3Bsubscribe%2C14.5.0%2CN%3Bvote%2C14.0.2%2CN%3Bsearch%2C14.5.0%2CN%3Bbitrix.sitepersonal%2C14.5.0%2CN%3Biblock%2C14.5.0%2CN%3Bmobileapp%2C14.0.3%2CN%3Bclouds%2C14.5.0%2CN%3Bforum%2C14.5.1%2CN&reqm=yenisite.market%2Cbitrix.sitecorporate%2Cbitrix.siteinfoportal%2Cpagemaster.less%2Cbitrix.sitepersonal&fullmoduleinfo=Y
2014-06-20 15:22:11 -  - exec CUpdateClientPartner::GetHTTPPage
2014-06-20 15:22:12 -  - TIME GetUpdatesList(request) 0.247 sec
2014-06-20 15:22:12 -  - exec CUpdateClientPartner::ParseServerData
2014-07-01 13:07:08 -  - exec CUpdateClientPartner::GetUpdatesList
2014-07-01 13:07:08 -  - exec CUpdateClientPartner::__CollectRequestData
2014-07-01 13:07:08 -  - utf=N&lang=ru&stable=Y&CANGZIP=Y&SUPD_DBS=MYSQL&XE=N&CLIENT_SITE=shool.wwall.tmweb.ru&LICENSE_KEY=X&SUPD_STS=1&SUPD_URS=0&SUPD_URSA=2&TYPENC=D&CLIENT_PHPVER=5.3.18&dbv=5.1.58&instm=main%2C14.5.1%2CY%3Byenisite.market%2C1.3.41%2CN%3Bperfmon%2C14.0.1%2CN%3Bblog%2C14.5.0%2CN%3Bsecurity%2C14.5.2%2CN%3Bfileman%2C14.5.2%2CN%3Bsocialservices%2C14.0.4%2CN%3Bbitrix.sitecorporate%2C14.5.0%2CN%3Bscale%2C14.5.1%2CN%3Btranslate%2C12.5.0%2CN%3Bhighloadblock%2C14.0.6%2CN%3Bseo%2C14.5.0%2CN%3Bbitrix.siteinfoportal%2C14.5.0%2CN%3Bbitrixcloud%2C14.5.0%2CN%3Bpagemaster.less%2C1.0.0%2CN%3Bphotogallery%2C14.5.2%2CN%3Bform%2C14.0.1%2CN%3Bcompression%2C14.0.0%2CN%3Bsubscribe%2C14.5.0%2CN%3Bvote%2C14.5.0%2CN%3Bsearch%2C14.5.0%2CN%3Bbitrix.sitepersonal%2C14.5.0%2CN%3Biblock%2C14.5.5%2CN%3Bmobileapp%2C14.0.3%2CN%3Bclouds%2C14.5.0%2CN%3Bforum%2C14.5.2%2CN&reqm=yenisite.market%2Cbitrix.sitecorporate%2Cbitrix.siteinfoportal%2Cpagemaster.less%2Cbitrix.sitepersonal&fullmoduleinfo=Y&SUPD_SRS=RU&SUPD_CMP=N
2014-07-01 13:07:08 -  - exec CUpdateClientPartner::GetHTTPPage
2014-07-01 13:07:08 -  - TIME GetUpdatesList(request) 0.236 sec
2014-07-01 13:07:08 -  - exec CUpdateClientPartner::ParseServerData
2014-07-09 22:54:40 -  - exec CUpdateClientPartner::GetUpdatesList
2014-07-09 22:54:40 -  - exec CUpdateClientPartner::__CollectRequestData
2014-07-09 22:54:40 -  - utf=N&lang=ru&stable=Y&CANGZIP=Y&SUPD_DBS=MYSQL&XE=N&CLIENT_SITE=shool.wwall.tmweb.ru&LICENSE_KEY=X&SUPD_STS=1&SUPD_URS=0&SUPD_URSA=3&TYPENC=E&CLIENT_PHPVER=5.3.18&dbv=5.1.58&instm=main%2C14.5.3%2CN%3Byenisite.market%2C1.3.41%2CN%3Bperfmon%2C14.0.1%2CN%3Bblog%2C14.5.0%2CN%3Bsecurity%2C14.5.2%2CN%3Bfileman%2C14.5.3%2CN%3Bsocialservices%2C14.0.4%2CN%3Bbitrix.sitecorporate%2C14.5.0%2CN%3Bscale%2C14.5.1%2CN%3Btranslate%2C12.5.0%2CN%3Bhighloadblock%2C14.5.0%2CN%3Bseo%2C14.5.0%2CN%3Bbitrix.siteinfoportal%2C14.5.0%2CN%3Bbitrixcloud%2C14.5.0%2CN%3Bpagemaster.less%2C1.0.0%2CN%3Bphotogallery%2C14.5.2%2CN%3Bform%2C14.0.1%2CN%3Bcompression%2C14.0.0%2CN%3Bsubscribe%2C14.5.0%2CN%3Bvote%2C14.5.0%2CN%3Bsearch%2C14.5.0%2CN%3Bbitrix.sitepersonal%2C14.5.0%2CN%3Biblock%2C14.5.5%2CN%3Bmobileapp%2C14.5.0%2CN%3Bclouds%2C14.5.0%2CN%3Bforum%2C14.5.2%2CN&reqm=yenisite.market%2Cbitrix.sitecorporate%2Cbitrix.siteinfoportal%2Cpagemaster.less%2Cbitrix.sitepersonal&fullmoduleinfo=Y&SUPD_SRS=RU&SUPD_CMP=N
2014-07-09 22:54:40 -  - exec CUpdateClientPartner::GetHTTPPage
2014-07-09 22:54:40 -  - TIME GetUpdatesList(request) 0.223 sec
2014-07-09 22:54:40 -  - exec CUpdateClientPartner::ParseServerData
2014-07-10 00:02:22 -  - exec CUpdateClientPartner::GetUpdatesList
2014-07-10 00:02:22 -  - exec CUpdateClientPartner::__CollectRequestData
2014-07-10 00:02:22 -  - utf=N&lang=ru&stable=Y&CANGZIP=Y&SUPD_DBS=MYSQL&XE=N&CLIENT_SITE=shool.wwall.tmweb.ru&LICENSE_KEY=X&SUPD_STS=1&SUPD_URS=0&SUPD_URSA=3&TYPENC=E&CLIENT_PHPVER=5.3.18&dbv=5.1.58&instm=main%2C14.5.3%2CN%3Byenisite.market%2C1.3.41%2CN%3Bperfmon%2C14.0.1%2CN%3Bblog%2C14.5.0%2CN%3Bsecurity%2C14.5.2%2CN%3Bfileman%2C14.5.3%2CN%3Bsocialservices%2C14.0.4%2CN%3Bbitrix.sitecorporate%2C14.5.0%2CN%3Bscale%2C14.5.1%2CN%3Btranslate%2C12.5.0%2CN%3Bhighloadblock%2C14.5.0%2CN%3Bseo%2C14.5.0%2CN%3Bbitrix.siteinfoportal%2C14.5.0%2CN%3Bbitrixcloud%2C14.5.0%2CN%3Bpagemaster.less%2C1.0.0%2CN%3Bphotogallery%2C14.5.2%2CN%3Bform%2C14.0.1%2CN%3Bcompression%2C14.0.0%2CN%3Bsubscribe%2C14.5.0%2CN%3Bvote%2C14.5.0%2CN%3Bsearch%2C14.5.0%2CN%3Bbitrix.sitepersonal%2C14.5.0%2CN%3Biblock%2C14.5.5%2CN%3Bmobileapp%2C14.5.0%2CN%3Bclouds%2C14.5.0%2CN%3Bforum%2C14.5.2%2CN&reqm=yenisite.market%2Cbitrix.sitecorporate%2Cbitrix.siteinfoportal%2Cpagemaster.less%2Cbitrix.sitepersonal&fullmoduleinfo=Y&SUPD_SRS=RU&SUPD_CMP=N
2014-07-10 00:02:22 -  - exec CUpdateClientPartner::GetHTTPPage
2014-07-10 00:02:23 -  - TIME GetUpdatesList(request) 0.293 sec
2014-07-10 00:02:23 -  - exec CUpdateClientPartner::ParseServerData
2015-03-30 14:41:43 -  - exec CUpdateClientPartner::GetUpdatesList
2015-03-30 14:41:43 -  - exec CUpdateClientPartner::__CollectRequestData
2015-03-30 14:41:43 -  - utf=N&lang=ru&stable=Y&CANGZIP=Y&SUPD_DBS=MYSQL&XE=N&CLIENT_SITE=www.shkolno.ru&LICENSE_KEY=X&SUPD_STS=1&SUPD_URS=0&SUPD_URSA=3&TYPENC=E&CLIENT_PHPVER=5.3.29&dbv=5.5.36&instm=main%2C14.9.4%2CN%3Bsecurity%2C14.5.7%2CN%3Bbitrix.siteinfoportal%2C14.5.0%2CN%3Bclouds%2C15.0.0%2CN%3Bvote%2C14.5.1%2CN%3Bseo%2C14.5.1%2CN%3Bperfmon%2C15.0.1%2CN%3Bbitrix.sitepersonal%2C14.5.0%2CN%3Biblock%2C14.5.13%2CN%3Bsocialservices%2C14.5.8%2CN%3Bsubscribe%2C14.5.1%2CN%3Bmobileapp%2C15.0.1%2CN%3Bhighloadblock%2C14.5.2%2CN%3Bsearch%2C14.5.3%2CN%3Bphotogallery%2C14.5.2%2CN%3Bblog%2C15.0.0%2CN%3Bbitrix.sitecorporate%2C14.5.0%2CN%3Bform%2C14.5.0%2CN%3Bfileman%2C14.5.5%2CN%3Bforum%2C15.0.0%2CN%3Bbitrixcloud%2C14.5.0%2CN%3Byenisite.market%2C1.3.41%2CN%3Bcompression%2C14.0.0%2CN%3Btranslate%2C12.5.0%2CN%3Bpagemaster.less%2C1.0.0%2CN%3Bscale%2C14.5.2%2CN&reqm=bitrix.siteinfoportal%2Cbitrix.sitepersonal%2Cbitrix.sitecorporate%2Cyenisite.market%2Cpagemaster.less&fullmoduleinfo=Y&SUPD_SRS=RU&SUPD_CMP=N
2015-03-30 14:41:43 -  - exec CUpdateClientPartner::GetHTTPPage
2015-03-30 14:41:43 -  - TIME GetUpdatesList(request) 0.382 sec
2015-03-30 14:41:43 -  - exec CUpdateClientPartner::ParseServerData
2015-03-30 14:42:06 -  - exec CUpdateClientPartner::GetUpdatesList
2015-03-30 14:42:06 -  - exec CUpdateClientPartner::__CollectRequestData
2015-03-30 14:42:06 -  - utf=N&lang=ru&stable=Y&CANGZIP=Y&SUPD_DBS=MYSQL&XE=N&CLIENT_SITE=www.shkolno.ru&LICENSE_KEY=X&SUPD_STS=1&SUPD_URS=0&SUPD_URSA=3&TYPENC=E&CLIENT_PHPVER=5.3.29&dbv=5.5.36&instm=main%2C14.9.4%2CN%3Bsecurity%2C14.5.7%2CN%3Bbitrix.siteinfoportal%2C14.5.0%2CN%3Bclouds%2C15.0.0%2CN%3Bvote%2C14.5.1%2CN%3Bseo%2C14.5.1%2CN%3Bperfmon%2C15.0.1%2CN%3Bbitrix.sitepersonal%2C14.5.0%2CN%3Biblock%2C14.5.13%2CN%3Bsocialservices%2C14.5.8%2CN%3Bsubscribe%2C14.5.1%2CN%3Bmobileapp%2C15.0.1%2CN%3Bhighloadblock%2C14.5.2%2CN%3Bsearch%2C14.5.3%2CN%3Bphotogallery%2C14.5.2%2CN%3Bblog%2C15.0.0%2CN%3Bbitrix.sitecorporate%2C14.5.0%2CN%3Bform%2C14.5.0%2CN%3Bfileman%2C14.5.5%2CN%3Bforum%2C15.0.0%2CN%3Bbitrixcloud%2C14.5.0%2CN%3Byenisite.market%2C1.3.41%2CN%3Bcompression%2C14.0.0%2CN%3Btranslate%2C12.5.0%2CN%3Bpagemaster.less%2C1.0.0%2CN%3Bscale%2C14.5.2%2CN&reqm=bitrix.siteinfoportal%2Cbitrix.sitepersonal%2Cbitrix.sitecorporate%2Cyenisite.market%2Cpagemaster.less&fullmoduleinfo=Y&SUPD_SRS=RU&SUPD_CMP=N
2015-03-30 14:42:06 -  - exec CUpdateClientPartner::GetHTTPPage
2015-03-30 14:42:06 -  - TIME GetUpdatesList(request) 0.346 sec
2015-03-30 14:42:06 -  - exec CUpdateClientPartner::ParseServerData
2015-03-30 14:42:09 -  - exec CUpdateClientPartner::GetUpdatesList
2015-03-30 14:42:09 -  - exec CUpdateClientPartner::__CollectRequestData
2015-03-30 14:42:09 -  - utf=N&lang=ru&stable=Y&CANGZIP=Y&SUPD_DBS=MYSQL&XE=N&CLIENT_SITE=www.shkolno.ru&LICENSE_KEY=X&SUPD_STS=1&SUPD_URS=0&SUPD_URSA=3&TYPENC=E&CLIENT_PHPVER=5.3.29&dbv=5.5.36&instm=main%2C14.9.4%2CN%3Bsecurity%2C14.5.7%2CN%3Bbitrix.siteinfoportal%2C14.5.0%2CN%3Bclouds%2C15.0.0%2CN%3Bvote%2C14.5.1%2CN%3Bseo%2C14.5.1%2CN%3Bperfmon%2C15.0.1%2CN%3Bbitrix.sitepersonal%2C14.5.0%2CN%3Biblock%2C14.5.13%2CN%3Bsocialservices%2C14.5.8%2CN%3Bsubscribe%2C14.5.1%2CN%3Bmobileapp%2C15.0.1%2CN%3Bhighloadblock%2C14.5.2%2CN%3Bsearch%2C14.5.3%2CN%3Bphotogallery%2C14.5.2%2CN%3Bblog%2C15.0.0%2CN%3Bbitrix.sitecorporate%2C14.5.0%2CN%3Bform%2C14.5.0%2CN%3Bfileman%2C14.5.5%2CN%3Bforum%2C15.0.0%2CN%3Bbitrixcloud%2C14.5.0%2CN%3Byenisite.market%2C1.3.41%2CN%3Bcompression%2C14.0.0%2CN%3Btranslate%2C12.5.0%2CN%3Bpagemaster.less%2C1.0.0%2CN%3Bscale%2C14.5.2%2CN&reqm=bitrix.siteinfoportal%2Cbitrix.sitepersonal%2Cbitrix.sitecorporate%2Cyenisite.market%2Cpagemaster.less&fullmoduleinfo=Y&SUPD_SRS=RU&SUPD_CMP=N
2015-03-30 14:42:09 -  - exec CUpdateClientPartner::GetHTTPPage
2015-03-30 14:42:09 -  - TIME GetUpdatesList(request) 0.239 sec
2015-03-30 14:42:09 -  - exec CUpdateClientPartner::ParseServerData
2016-08-02 17:59:31 -  - exec CUpdateClientPartner::GetUpdatesList
2016-08-02 17:59:31 -  - exec CUpdateClientPartner::__CollectRequestData
2016-08-02 17:59:31 -  - utf=N&lang=ru&stable=Y&CANGZIP=Y&SUPD_DBS=MYSQL&XE=N&CLIENT_SITE=shkolno.ru&LICENSE_KEY=X&SUPD_STS=1&SUPD_URS=0&SUPD_URSA=3&TYPENC=E&CLIENT_PHPVER=5.3.29&NGINX=Y&dbv=5.5.36&instm=main%2C16.0.13%2CN%3Bsecurity%2C16.0.3%2CN%3Bbitrix.siteinfoportal%2C14.5.0%2CN%3Bclouds%2C16.0.1%2CN%3Bvote%2C15.5.0%2CN%3Bseo%2C16.0.3%2CN%3Bperfmon%2C16.0.0%2CN%3Bbitrix.sitepersonal%2C14.5.0%2CN%3Biblock%2C16.0.6%2CN%3Bsocialservices%2C16.5.3%2CN%3Bsubscribe%2C16.0.0%2CN%3Bmobileapp%2C16.0.5%2CN%3Bhighloadblock%2C16.0.2%2CN%3Bsearch%2C16.0.0%2CN%3Bphotogallery%2C16.0.1%2CN%3Bblog%2C16.5.3%2CN%3Bbitrix.sitecorporate%2C14.5.0%2CN%3Bform%2C15.0.2%2CN%3Bfileman%2C16.5.2%2CN%3Bforum%2C16.5.1%2CN%3Bbitrixcloud%2C16.0.0%2CN%3Byenisite.market%2C1.3.41%2CN%3Bcompression%2C16.0.0%2CN%3Btranslate%2C14.5.0%2CN%3Bpagemaster.less%2C1.0.0%2CN%3Bscale%2C16.0.0%2CN&reqm=bitrix.siteinfoportal%2Cbitrix.sitepersonal%2Cbitrix.sitecorporate%2Cyenisite.market%2Cpagemaster.less&fullmoduleinfo=Y&SUPD_SRS=RU&SUPD_CMP=N
2016-08-02 17:59:31 -  - exec CUpdateClientPartner::GetHTTPPage
2016-08-02 17:59:31 -  - TIME GetUpdatesList(request) 0.199 sec
2016-08-02 17:59:31 -  - exec CUpdateClientPartner::ParseServerData
2016-08-02 17:59:58 -  - exec CUpdateClientPartner::GetUpdatesList
2016-08-02 17:59:58 -  - exec CUpdateClientPartner::__CollectRequestData
2016-08-02 17:59:58 -  - utf=N&lang=ru&stable=Y&CANGZIP=Y&SUPD_DBS=MYSQL&XE=N&CLIENT_SITE=shkolno.ru&LICENSE_KEY=X&SUPD_STS=1&SUPD_URS=0&SUPD_URSA=3&TYPENC=E&CLIENT_PHPVER=5.3.29&NGINX=Y&dbv=5.5.36&instm=main%2C16.0.13%2CN%3Bsecurity%2C16.0.3%2CN%3Bbitrix.siteinfoportal%2C14.5.0%2CN%3Bclouds%2C16.0.1%2CN%3Bvote%2C15.5.0%2CN%3Bseo%2C16.0.3%2CN%3Bperfmon%2C16.0.0%2CN%3Bbitrix.sitepersonal%2C14.5.0%2CN%3Biblock%2C16.0.6%2CN%3Bsocialservices%2C16.5.3%2CN%3Bsubscribe%2C16.0.0%2CN%3Bmobileapp%2C16.0.5%2CN%3Bhighloadblock%2C16.0.2%2CN%3Bsearch%2C16.0.0%2CN%3Bphotogallery%2C16.0.1%2CN%3Bblog%2C16.5.3%2CN%3Bbitrix.sitecorporate%2C14.5.0%2CN%3Bform%2C15.0.2%2CN%3Bfileman%2C16.5.2%2CN%3Bforum%2C16.5.1%2CN%3Bbitrixcloud%2C16.0.0%2CN%3Byenisite.market%2C1.3.41%2CN%3Bcompression%2C16.0.0%2CN%3Btranslate%2C14.5.0%2CN%3Bpagemaster.less%2C1.0.0%2CN%3Bscale%2C16.0.0%2CN&reqm=bitrix.siteinfoportal%2Cbitrix.sitepersonal%2Cbitrix.sitecorporate%2Cyenisite.market%2Cpagemaster.less&fullmoduleinfo=Y&SUPD_SRS=RU&SUPD_CMP=N
2016-08-02 17:59:58 -  - exec CUpdateClientPartner::GetHTTPPage
2016-08-02 17:59:59 -  - TIME GetUpdatesList(request) 0.205 sec
2016-08-02 17:59:59 -  - exec CUpdateClientPartner::ParseServerData
